<?xml version="1.0" encoding="UTF-8"?>
<coverage generated="1608997074706" clover="3.2.0">
  <project timestamp="1608997074707" name="All files">
    <metrics statements="15" coveredstatements="15" conditionals="14" coveredconditionals="13" methods="2" coveredmethods="2" elements="31" coveredelements="30" complexity="0" loc="15" ncloc="15" packages="1" files="1" classes="1"/>
    <file name="index.js" path="/home/ingo/IT/frontend-project-lvl2/src/index.js">
      <metrics statements="15" coveredstatements="15" conditionals="14" coveredconditionals="13" methods="2" coveredmethods="2"/>
      <line num="5" count="1" type="stmt"/>
      <line num="7" count="1" type="stmt"/>
      <line num="8" count="1" type="stmt"/>
      <line num="10" count="1" type="stmt"/>
      <line num="11" count="1" type="stmt"/>
      <line num="14" count="1" type="stmt"/>
      <line num="16" count="1" type="stmt"/>
      <line num="18" count="1" type="stmt"/>
      <line num="19" count="5" type="cond" truecount="4" falsecount="0"/>
      <line num="20" count="2" type="cond" truecount="2" falsecount="0"/>
      <line num="21" count="3" type="cond" truecount="4" falsecount="0"/>
      <line num="22" count="1" type="stmt"/>
      <line num="23" count="2" type="cond" truecount="3" falsecount="1"/>
      <line num="24" count="2" type="stmt"/>
      <line num="28" count="1" type="stmt"/>
    </file>
  </project>
</coverage>
