{"/home/ingo/IT/frontend-project-lvl2/src/index.js": {"path":"/home/ingo/IT/frontend-project-lvl2/src/index.js","statementMap":{"0":{"start":{"line":5,"column":16},"end":{"line":29,"column":1}},"1":{"start":{"line":7,"column":16},"end":{"line":7,"column":83}},"2":{"start":{"line":8,"column":16},"end":{"line":8,"column":83}},"3":{"start":{"line":10,"column":16},"end":{"line":10,"column":34}},"4":{"start":{"line":11,"column":16},"end":{"line":11,"column":34}},"5":{"start":{"line":14,"column":20},"end":{"line":14,"column":57}},"6":{"start":{"line":16,"column":15},"end":{"line":16,"column":17}},"7":{"start":{"line":18,"column":2},"end":{"line":26,"column":3}},"8":{"start":{"line":19,"column":4},"end":{"line":25,"column":5}},"9":{"start":{"line":20,"column":6},"end":{"line":20,"column":133}},"10":{"start":{"line":21,"column":11},"end":{"line":25,"column":5}},"11":{"start":{"line":22,"column":6},"end":{"line":22,"column":46}},"12":{"start":{"line":23,"column":11},"end":{"line":25,"column":5}},"13":{"start":{"line":24,"column":6},"end":{"line":24,"column":46}},"14":{"start":{"line":28,"column":2},"end":{"line":28,"column":25}}},"fnMap":{"0":{"name":"(anonymous_0)","decl":{"start":{"line":5,"column":16},"end":{"line":5,"column":17}},"loc":{"start":{"line":5,"column":42},"end":{"line":29,"column":1}},"line":5}},"branchMap":{"0":{"loc":{"start":{"line":19,"column":4},"end":{"line":25,"column":5}},"type":"if","locations":[{"start":{"line":19,"column":4},"end":{"line":25,"column":5}},{"start":{"line":19,"column":4},"end":{"line":25,"column":5}}],"line":19},"1":{"loc":{"start":{"line":19,"column":8},"end":{"line":19,"column":50}},"type":"binary-expr","locations":[{"start":{"line":19,"column":8},"end":{"line":19,"column":27}},{"start":{"line":19,"column":31},"end":{"line":19,"column":50}}],"line":19},"2":{"loc":{"start":{"line":20,"column":16},"end":{"line":20,"column":132}},"type":"cond-expr","locations":[{"start":{"line":20,"column":44},"end":{"line":20,"column":73}},{"start":{"line":20,"column":76},"end":{"line":20,"column":132}}],"line":20},"3":{"loc":{"start":{"line":21,"column":11},"end":{"line":25,"column":5}},"type":"if","locations":[{"start":{"line":21,"column":11},"end":{"line":25,"column":5}},{"start":{"line":21,"column":11},"end":{"line":25,"column":5}}],"line":21},"4":{"loc":{"start":{"line":21,"column":15},"end":{"line":21,"column":58}},"type":"binary-expr","locations":[{"start":{"line":21,"column":15},"end":{"line":21,"column":34}},{"start":{"line":21,"column":38},"end":{"line":21,"column":58}}],"line":21},"5":{"loc":{"start":{"line":23,"column":11},"end":{"line":25,"column":5}},"type":"if","locations":[{"start":{"line":23,"column":11},"end":{"line":25,"column":5}},{"start":{"line":23,"column":11},"end":{"line":25,"column":5}}],"line":23},"6":{"loc":{"start":{"line":23,"column":15},"end":{"line":23,"column":58}},"type":"binary-expr","locations":[{"start":{"line":23,"column":15},"end":{"line":23,"column":34}},{"start":{"line":23,"column":38},"end":{"line":23,"column":58}}],"line":23}},"s":{"0":1,"1":1,"2":1,"3":1,"4":1,"5":1,"6":1,"7":1,"8":5,"9":2,"10":3,"11":1,"12":2,"13":2,"14":1},"f":{"0":1},"b":{"0":[2,3],"1":[5,3],"2":[1,1],"3":[1,2],"4":[3,1],"5":[2,0],"6":[2,2]},"inputSourceMap":null,"_coverageSchema":"1a1c01bbd47fc00a2c39e90264f33305004495a9","hash":"fbd46dddf01ffe7bea9af8d0799864f0b80f08c2"}
}
